# JRE version: Java(TM) SE Runtime Environment (8.0_181-b13) (build 1.8.0_181-b13)
# Java VM: Java HotSpot(TM) 64-Bit Server VM (25.181-b13 mixed mode windows-amd64 compressed oops)
Heap:
 PSYoungGen      total 37888K, used 30299K [0x00000000d6180000, 0x00000000dab80000, 0x0000000100000000)
  eden space 32768K, 92% used [0x00000000d6180000,0x00000000d7f16da0,0x00000000d8180000)
  from space 5120K, 0% used [0x00000000d8180000,0x00000000d8180000,0x00000000d8680000)
  to   space 5120K, 0% used [0x00000000da680000,0x00000000da680000,0x00000000dab80000)
 ParOldGen       total 86016K, used 54195K [0x0000000082400000, 0x0000000087800000, 0x00000000d6180000)
  object space 86016K, 63% used [0x0000000082400000,0x00000000858ecf48,0x0000000087800000)
 Metaspace       used 11673K, capacity 12094K, committed 12288K, reserved 1060864K
  class space    used 1532K, capacity 1674K, committed 1792K, reserved 1048576K
GC Heap History (8 events):
Event: 0.578 GC heap before
{Heap before GC invocations=1 (full 0):
 PSYoungGen      total 37888K, used 26625K [0x00000000d6180000, 0x00000000d8b80000, 0x0000000100000000)
  eden space 32768K, 81% used [0x00000000d6180000,0x00000000d7b80450,0x00000000d8180000)
  from space 5120K, 0% used [0x00000000d8680000,0x00000000d8680000,0x00000000d8b80000)
  to   space 5120K, 0% used [0x00000000d8180000,0x00000000d8180000,0x00000000d8680000)
 ParOldGen       total 86016K, used 0K [0x0000000082400000, 0x0000000087800000, 0x00000000d6180000)
  object space 86016K, 0% used [0x0000000082400000,0x0000000082400000,0x0000000087800000)
 Metaspace       used 11198K, capacity 11582K, committed 11904K, reserved 1058816K
  class space    used 1463K, capacity 1568K, committed 1664K, reserved 1048576K
Event: 0.581 GC heap after
Heap after GC invocations=1 (full 0):
 PSYoungGen      total 37888K, used 3848K [0x00000000d6180000, 0x00000000d8b80000, 0x0000000100000000)
  eden space 32768K, 0% used [0x00000000d6180000,0x00000000d6180000,0x00000000d8180000)
  from space 5120K, 75% used [0x00000000d8180000,0x00000000d85421f8,0x00000000d8680000)
  to   space 5120K, 0% used [0x00000000d8680000,0x00000000d8680000,0x00000000d8b80000)
 ParOldGen       total 86016K, used 80K [0x0000000082400000, 0x0000000087800000, 0x00000000d6180000)
  object space 86016K, 0% used [0x0000000082400000,0x0000000082414010,0x0000000087800000)
 Metaspace       used 11198K, capacity 11582K, committed 11904K, reserved 1058816K
  class space    used 1463K, capacity 1568K, committed 1664K, reserved 1048576K
}
Event: 0.666 GC heap before
{Heap before GC invocations=2 (full 0):
 PSYoungGen      total 37888K, used 35036K [0x00000000d6180000, 0x00000000d8b80000, 0x0000000100000000)
  eden space 32768K, 95% used [0x00000000d6180000,0x00000000d7ff4fc8,0x00000000d8180000)
  from space 5120K, 75% used [0x00000000d8180000,0x00000000d85421f8,0x00000000d8680000)
  to   space 5120K, 0% used [0x00000000d8680000,0x00000000d8680000,0x00000000d8b80000)
 ParOldGen       total 86016K, used 80K [0x0000000082400000, 0x0000000087800000, 0x00000000d6180000)
  object space 86016K, 0% used [0x0000000082400000,0x0000000082414010,0x0000000087800000)
 Metaspace       used 11221K, capacity 11646K, committed 11904K, reserved 1058816K
  class space    used 1463K, capacity 1568K, committed 1664K, reserved 1048576K
Event: 0.681 GC heap after
Heap after GC invocations=2 (full 0):
 PSYoungGen      total 37888K, used 3668K [0x00000000d6180000, 0x00000000dab80000, 0x0000000100000000)
  eden space 32768K, 0% used [0x00000000d6180000,0x00000000d6180000,0x00000000d8180000)
  from space 5120K, 71% used [0x00000000d8680000,0x00000000d8a153e8,0x00000000d8b80000)
  to   space 5120K, 0% used [0x00000000d8180000,0x00000000d8180000,0x00000000d8680000)
 ParOldGen       total 86016K, used 26413K [0x0000000082400000, 0x0000000087800000, 0x00000000d6180000)
  object space 86016K, 30% used [0x0000000082400000,0x0000000083dcb450,0x0000000087800000)
 Metaspace       used 11221K, capacity 11646K, committed 11904K, reserved 1058816K
  class space    used 1463K, capacity 1568K, committed 1664K, reserved 1048576K
}
Event: 0.745 GC heap before
{Heap before GC invocations=3 (full 0):
 PSYoungGen      total 37888K, used 34585K [0x00000000d6180000, 0x00000000dab80000, 0x0000000100000000)
  eden space 32768K, 94% used [0x00000000d6180000,0x00000000d7fb13f8,0x00000000d8180000)
  from space 5120K, 71% used [0x00000000d8680000,0x00000000d8a153e8,0x00000000d8b80000)
  to   space 5120K, 0% used [0x00000000d8180000,0x00000000d8180000,0x00000000d8680000)
 ParOldGen       total 86016K, used 26413K [0x0000000082400000, 0x0000000087800000, 0x00000000d6180000)
  object space 86016K, 30% used [0x0000000082400000,0x0000000083dcb450,0x0000000087800000)
 Metaspace       used 11221K, capacity 11646K, committed 11904K, reserved 1058816K
  class space    used 1463K, capacity 1568K, committed 1664K, reserved 1048576K
Event: 0.753 GC heap after
Heap after GC invocations=3 (full 0):
 PSYoungGen      total 37888K, used 5109K [0x00000000d6180000, 0x00000000dab80000, 0x0000000100000000)
  eden space 32768K, 0% used [0x00000000d6180000,0x00000000d6180000,0x00000000d8180000)
  from space 5120K, 99% used [0x00000000d8180000,0x00000000d867d7f8,0x00000000d8680000)
  to   space 5120K, 0% used [0x00000000da680000,0x00000000da680000,0x00000000dab80000)
 ParOldGen       total 86016K, used 51221K [0x0000000082400000, 0x0000000087800000, 0x00000000d6180000)
  object space 86016K, 59% used [0x0000000082400000,0x0000000085605490,0x0000000087800000)
 Metaspace       used 11221K, capacity 11646K, committed 11904K, reserved 1058816K
  class space    used 1463K, capacity 1568K, committed 1664K, reserved 1048576K
}
Event: 0.753 GC heap before
{Heap before GC invocations=4 (full 1):
 PSYoungGen      total 37888K, used 5109K [0x00000000d6180000, 0x00000000dab80000, 0x0000000100000000)
  eden space 32768K, 0% used [0x00000000d6180000,0x00000000d6180000,0x00000000d8180000)
  from space 5120K, 99% used [0x00000000d8180000,0x00000000d867d7f8,0x00000000d8680000)
  to   space 5120K, 0% used [0x00000000da680000,0x00000000da680000,0x00000000dab80000)
 ParOldGen       total 86016K, used 51221K [0x0000000082400000, 0x0000000087800000, 0x00000000d6180000)
  object space 86016K, 59% used [0x0000000082400000,0x0000000085605490,0x0000000087800000)
 Metaspace       used 11221K, capacity 11646K, committed 11904K, reserved 1058816K
  class space    used 1463K, capacity 1568K, committed 1664K, reserved 1048576K
Event: 0.772 GC heap after
Heap after GC invocations=4 (full 1):
 PSYoungGen      total 37888K, used 0K [0x00000000d6180000, 0x00000000dab80000, 0x0000000100000000)
  eden space 32768K, 0% used [0x00000000d6180000,0x00000000d6180000,0x00000000d8180000)
  from space 5120K, 0% used [0x00000000d8180000,0x00000000d8180000,0x00000000d8680000)
  to   space 5120K, 0% used [0x00000000da680000,0x00000000da680000,0x00000000dab80000)
 ParOldGen       total 86016K, used 54195K [0x0000000082400000, 0x0000000087800000, 0x00000000d6180000)
  object space 86016K, 63% used [0x0000000082400000,0x00000000858ecf48,0x0000000087800000)
 Metaspace       used 11221K, capacity 11646K, committed 11904K, reserved 1058816K
  class space    used 1463K, capacity 1568K, committed 1664K, reserved 1048576K
}

