# JRE version: Java(TM) SE Runtime Environment (8.0_181-b13) (build 1.8.0_181-b13)
# Java VM: Java HotSpot(TM) 64-Bit Server VM (25.181-b13 mixed mode windows-amd64 compressed oops)
Heap:
 PSYoungGen      total 139776K, used 88440K [0x00000000d6180000, 0x00000000e4780000, 0x0000000100000000)
  eden space 102400K, 84% used [0x00000000d6180000,0x00000000db66c938,0x00000000dc580000)
  from space 37376K, 3% used [0x00000000dc580000,0x00000000dc6f1a90,0x00000000dea00000)
  to   space 35840K, 0% used [0x00000000e2480000,0x00000000e2480000,0x00000000e4780000)
 ParOldGen       total 183808K, used 96761K [0x0000000082400000, 0x000000008d780000, 0x00000000d6180000)
  object space 183808K, 52% used [0x0000000082400000,0x000000008827e780,0x000000008d780000)
 Metaspace       used 22208K, capacity 22918K, committed 23168K, reserved 1069056K
  class space    used 2702K, capacity 2882K, committed 2944K, reserved 1048576K
GC Heap History (10 events):
Event: 1.472 GC heap before
{Heap before GC invocations=5 (full 1):
 PSYoungGen      total 37888K, used 31047K [0x00000000d6180000, 0x00000000dab80000, 0x0000000100000000)
  eden space 32768K, 94% used [0x00000000d6180000,0x00000000d7fd1e50,0x00000000d8180000)
  from space 5120K, 0% used [0x00000000d8180000,0x00000000d8180000,0x00000000d8680000)
  to   space 5120K, 0% used [0x00000000da680000,0x00000000da680000,0x00000000dab80000)
 ParOldGen       total 130560K, used 54195K [0x0000000082400000, 0x000000008a380000, 0x00000000d6180000)
  object space 130560K, 41% used [0x0000000082400000,0x00000000858ecd80,0x000000008a380000)
 Metaspace       used 11763K, capacity 12188K, committed 12544K, reserved 1060864K
  class space    used 1553K, capacity 1679K, committed 1792K, reserved 1048576K
Event: 1.479 GC heap after
Heap after GC invocations=5 (full 1):
 PSYoungGen      total 60416K, used 713K [0x00000000d6180000, 0x00000000da780000, 0x0000000100000000)
  eden space 59392K, 0% used [0x00000000d6180000,0x00000000d6180000,0x00000000d9b80000)
  from space 1024K, 69% used [0x00000000da680000,0x00000000da732770,0x00000000da780000)
  to   space 5120K, 0% used [0x00000000d9d80000,0x00000000d9d80000,0x00000000da280000)
 ParOldGen       total 130560K, used 78503K [0x0000000082400000, 0x000000008a380000, 0x00000000d6180000)
  object space 130560K, 60% used [0x0000000082400000,0x00000000870a9db0,0x000000008a380000)
 Metaspace       used 11763K, capacity 12188K, committed 12544K, reserved 1060864K
  class space    used 1553K, capacity 1679K, committed 1792K, reserved 1048576K
}
Event: 2.482 GC heap before
{Heap before GC invocations=6 (full 1):
 PSYoungGen      total 60416K, used 60105K [0x00000000d6180000, 0x00000000da780000, 0x0000000100000000)
  eden space 59392K, 100% used [0x00000000d6180000,0x00000000d9b80000,0x00000000d9b80000)
  from space 1024K, 69% used [0x00000000da680000,0x00000000da732770,0x00000000da780000)
  to   space 5120K, 0% used [0x00000000d9d80000,0x00000000d9d80000,0x00000000da280000)
 ParOldGen       total 130560K, used 78503K [0x0000000082400000, 0x000000008a380000, 0x00000000d6180000)
  object space 130560K, 60% used [0x0000000082400000,0x00000000870a9db0,0x000000008a380000)
 Metaspace       used 20039K, capacity 20594K, committed 20736K, reserved 1067008K
  class space    used 2564K, capacity 2698K, committed 2816K, reserved 1048576K
Event: 2.491 GC heap after
Heap after GC invocations=6 (full 1):
 PSYoungGen      total 66560K, used 5088K [0x00000000d6180000, 0x00000000e1300000, 0x0000000100000000)
  eden space 61440K, 0% used [0x00000000d6180000,0x00000000d6180000,0x00000000d9d80000)
  from space 5120K, 99% used [0x00000000d9d80000,0x00000000da2781e0,0x00000000da280000)
  to   space 38400K, 0% used [0x00000000ded80000,0x00000000ded80000,0x00000000e1300000)
 ParOldGen       total 130560K, used 102074K [0x0000000082400000, 0x000000008a380000, 0x00000000d6180000)
  object space 130560K, 78% used [0x0000000082400000,0x00000000887aeb60,0x000000008a380000)
 Metaspace       used 20039K, capacity 20594K, committed 20736K, reserved 1067008K
  class space    used 2564K, capacity 2698K, committed 2816K, reserved 1048576K
}
Event: 2.491 GC heap before
{Heap before GC invocations=7 (full 2):
 PSYoungGen      total 66560K, used 5088K [0x00000000d6180000, 0x00000000e1300000, 0x0000000100000000)
  eden space 61440K, 0% used [0x00000000d6180000,0x00000000d6180000,0x00000000d9d80000)
  from space 5120K, 99% used [0x00000000d9d80000,0x00000000da2781e0,0x00000000da280000)
  to   space 38400K, 0% used [0x00000000ded80000,0x00000000ded80000,0x00000000e1300000)
 ParOldGen       total 130560K, used 102074K [0x0000000082400000, 0x000000008a380000, 0x00000000d6180000)
  object space 130560K, 78% used [0x0000000082400000,0x00000000887aeb60,0x000000008a380000)
 Metaspace       used 20039K, capacity 20594K, committed 20736K, reserved 1067008K
  class space    used 2564K, capacity 2698K, committed 2816K, reserved 1048576K
Event: 2.528 GC heap after
Heap after GC invocations=7 (full 2):
 PSYoungGen      total 66560K, used 0K [0x00000000d6180000, 0x00000000e1300000, 0x0000000100000000)
  eden space 61440K, 0% used [0x00000000d6180000,0x00000000d6180000,0x00000000d9d80000)
  from space 5120K, 0% used [0x00000000d9d80000,0x00000000d9d80000,0x00000000da280000)
  to   space 38400K, 0% used [0x00000000ded80000,0x00000000ded80000,0x00000000e1300000)
 ParOldGen       total 183808K, used 96745K [0x0000000082400000, 0x000000008d780000, 0x00000000d6180000)
  object space 183808K, 52% used [0x0000000082400000,0x000000008827a780,0x000000008d780000)
 Metaspace       used 20039K, capacity 20594K, committed 20736K, reserved 1067008K
  class space    used 2564K, capacity 2698K, committed 2816K, reserved 1048576K
}
Event: 192.985 GC heap before
{Heap before GC invocations=8 (full 2):
 PSYoungGen      total 66560K, used 61214K [0x00000000d6180000, 0x00000000e1300000, 0x0000000100000000)
  eden space 61440K, 99% used [0x00000000d6180000,0x00000000d9d47a78,0x00000000d9d80000)
  from space 5120K, 0% used [0x00000000d9d80000,0x00000000d9d80000,0x00000000da280000)
  to   space 38400K, 0% used [0x00000000ded80000,0x00000000ded80000,0x00000000e1300000)
 ParOldGen       total 183808K, used 96745K [0x0000000082400000, 0x000000008d780000, 0x00000000d6180000)
  object space 183808K, 52% used [0x0000000082400000,0x000000008827a780,0x000000008d780000)
 Metaspace       used 21911K, capacity 22612K, committed 22912K, reserved 1069056K
  class space    used 2695K, capacity 2871K, committed 2944K, reserved 1048576K
Event: 192.987 GC heap after
Heap after GC invocations=8 (full 2):
 PSYoungGen      total 136192K, used 1222K [0x00000000d6180000, 0x00000000e0e80000, 0x0000000100000000)
  eden space 102400K, 0% used [0x00000000d6180000,0x00000000d6180000,0x00000000dc580000)
  from space 33792K, 3% used [0x00000000ded80000,0x00000000deeb1a90,0x00000000e0e80000)
  to   space 37376K, 0% used [0x00000000dc580000,0x00000000dc580000,0x00000000dea00000)
 ParOldGen       total 183808K, used 96753K [0x0000000082400000, 0x000000008d780000, 0x00000000d6180000)
  object space 183808K, 52% used [0x0000000082400000,0x000000008827c780,0x000000008d780000)
 Metaspace       used 21911K, capacity 22612K, committed 22912K, reserved 1069056K
  class space    used 2695K, capacity 2871K, committed 2944K, reserved 1048576K
}
Event: 532.215 GC heap before
{Heap before GC invocations=9 (full 2):
 PSYoungGen      total 136192K, used 103622K [0x00000000d6180000, 0x00000000e0e80000, 0x0000000100000000)
  eden space 102400K, 100% used [0x00000000d6180000,0x00000000dc580000,0x00000000dc580000)
  from space 33792K, 3% used [0x00000000ded80000,0x00000000deeb1a90,0x00000000e0e80000)
  to   space 37376K, 0% used [0x00000000dc580000,0x00000000dc580000,0x00000000dea00000)
 ParOldGen       total 183808K, used 96753K [0x0000000082400000, 0x000000008d780000, 0x00000000d6180000)
  object space 183808K, 52% used [0x0000000082400000,0x000000008827c780,0x000000008d780000)
 Metaspace       used 22165K, capacity 22868K, committed 23168K, reserved 1069056K
  class space    used 2696K, capacity 2871K, committed 2944K, reserved 1048576K
Event: 532.224 GC heap after
Heap after GC invocations=9 (full 2):
 PSYoungGen      total 139776K, used 1478K [0x00000000d6180000, 0x00000000e4780000, 0x0000000100000000)
  eden space 102400K, 0% used [0x00000000d6180000,0x00000000d6180000,0x00000000dc580000)
  from space 37376K, 3% used [0x00000000dc580000,0x00000000dc6f1a90,0x00000000dea00000)
  to   space 35840K, 0% used [0x00000000e2480000,0x00000000e2480000,0x00000000e4780000)
 ParOldGen       total 183808K, used 96761K [0x0000000082400000, 0x000000008d780000, 0x00000000d6180000)
  object space 183808K, 52% used [0x0000000082400000,0x000000008827e780,0x000000008d780000)
 Metaspace       used 22165K, capacity 22868K, committed 23168K, reserved 1069056K
  class space    used 2696K, capacity 2871K, committed 2944K, reserved 1048576K
}

